<?xml version="1.0" encoding="UTF-8"?>
<testsuite xmlns:xsi="http://www.w3.org/2001/XMLSchema-instance" xsi:noNamespaceSchemaLocation="https://maven.apache.org/surefire/maven-surefire-plugin/xsd/surefire-test-report.xsd" name="com.kennshi.petclinic.services.springdatajpa.OwnerSDJpaServiceTest" time="0.507" tests="7" errors="0" skipped="0" failures="0">
  <properties>
[...]
</properties>
  <testcase name="delete" classname="com.kennshi.petclinic.services.springdatajpa.OwnerSDJpaServiceTest" time="0.488"/>
  <testcase name="findAll" classname="com.kennshi.petclinic.services.springdatajpa.OwnerSDJpaServiceTest" time="0.005"/>
  <testcase name="findById" classname="com.kennshi.petclinic.services.springdatajpa.OwnerSDJpaServiceTest" time="0.002"/>
  <testcase name="save" classname="com.kennshi.petclinic.services.springdatajpa.OwnerSDJpaServiceTest" time="0.002"/>
  <testcase name="findByLastName" classname="com.kennshi.petclinic.services.springdatajpa.OwnerSDJpaServiceTest" time="0.003"/>
  <testcase name="findByIdNotFound" classname="com.kennshi.petclinic.services.springdatajpa.OwnerSDJpaServiceTest" time="0.003"/>
  <testcase name="deleteById" classname="com.kennshi.petclinic.services.springdatajpa.OwnerSDJpaServiceTest" time="0.002"/>
</testsuite>